<?xml version="1.0" encoding="UTF-8"?>
<!-- Generated by org.testng.reporters.JUnitXMLReporter -->
<testsuite hostname="DESKTOP-BIMPH13" ignored="0" name="Default test" tests="3" failures="0" timestamp="2020-06-08T12:05:39 JST" time="0.511" errors="0">
  <testcase name="testCaseData" time="0.004" classname="dataDriven.excelDataProvider.DataProvide"/>
  <testcase name="testCaseData" time="0.0" classname="dataDriven.excelDataProvider.DataProvide"/>
  <testcase name="testCaseData" time="0.001" classname="dataDriven.excelDataProvider.DataProvide"/>
</testsuite> <!-- Default test -->
