<?xml version="1.0" encoding="UTF-8"?>
<testng-results skipped="0" failed="0" ignored="0" total="3" passed="3">
  <reporter-output>
  </reporter-output>
  <suite name="Default suite" duration-ms="511" started-at="2020-06-08T12:05:38 JST" finished-at="2020-06-08T12:05:39 JST">
    <groups>
    </groups>
    <test name="Default test" duration-ms="511" started-at="2020-06-08T12:05:38 JST" finished-at="2020-06-08T12:05:39 JST">
      <class name="dataDriven.excelDataProvider.DataProvide">
        <test-method status="PASS" signature="testCaseData(java.lang.String, java.lang.String, java.lang.String)[pri:0, instance:dataDriven.excelDataProvider.DataProvide@6737fd8f]" name="testCaseData" duration-ms="4" started-at="2020-06-08T12:05:39 JST" data-provider="driveTest" finished-at="2020-06-08T12:05:39 JST">
          <params>
            <param index="0">
              <value>
                <![CDATA[hello]]>
              </value>
            </param>
            <param index="1">
              <value>
                <![CDATA[test]]>
              </value>
            </param>
            <param index="2">
              <value>
                <![CDATA[1]]>
              </value>
            </param>
          </params>
          <reporter-output>
          </reporter-output>
        </test-method> <!-- testCaseData -->
        <test-method status="PASS" signature="testCaseData(java.lang.String, java.lang.String, java.lang.String)[pri:0, instance:dataDriven.excelDataProvider.DataProvide@6737fd8f]" name="testCaseData" duration-ms="0" started-at="2020-06-08T12:05:39 JST" data-provider="driveTest" finished-at="2020-06-08T12:05:39 JST">
          <params>
            <param index="0">
              <value>
                <![CDATA[bye]]>
              </value>
            </param>
            <param index="1">
              <value>
                <![CDATA[message]]>
              </value>
            </param>
            <param index="2">
              <value>
                <![CDATA[143]]>
              </value>
            </param>
          </params>
          <reporter-output>
          </reporter-output>
        </test-method> <!-- testCaseData -->
        <test-method status="PASS" signature="testCaseData(java.lang.String, java.lang.String, java.lang.String)[pri:0, instance:dataDriven.excelDataProvider.DataProvide@6737fd8f]" name="testCaseData" duration-ms="1" started-at="2020-06-08T12:05:39 JST" data-provider="driveTest" finished-at="2020-06-08T12:05:39 JST">
          <params>
            <param index="0">
              <value>
                <![CDATA[solo]]>
              </value>
            </param>
            <param index="1">
              <value>
                <![CDATA[call]]>
              </value>
            </param>
            <param index="2">
              <value>
                <![CDATA[420]]>
              </value>
            </param>
          </params>
          <reporter-output>
          </reporter-output>
        </test-method> <!-- testCaseData -->
      </class> <!-- dataDriven.excelDataProvider.DataProvide -->
    </test> <!-- Default test -->
  </suite> <!-- Default suite -->
</testng-results>
