<?xml version="1.0" encoding="UTF-8"?>
<!-- Generated by org.testng.reporters.JUnitXMLReporter -->
<testsuite hostname="DESKTOP-BIMPH13" ignored="0" name="Test" tests="3" failures="0" timestamp="2020-06-02T01:51:30 JST" time="81.58" errors="0">
  <testcase name="test1" time="23.043" classname="remoteTesting.dockerValidation.ChromeTest1"/>
  <testcase name="test1" time="29.676" classname="remoteTesting.dockerValidation.ChromeTest2"/>
  <testcase name="test1" time="48.004" classname="remoteTesting.dockerValidation.ChromeTest3"/>
</testsuite> <!-- Test -->
